[12:14:01] [INFO] [App] /Users/i13az81/Develop/UNI/MirrorRobot/Logger/logfile.log
[12:16:14] [INFO] [App] /Users/i13az81/Develop/UNI/MirrorRobot/Logger/logfile.log
[12:17:33] [INFO] [App] /Users/i13az81/Develop/UNI/MirrorRobot/Logger/logfile.log
[12:18:06] [INFO] [App] /Users/i13az81/Develop/UNI/MirrorRobot/Logger/logfile.log
[12:18:15] [INFO] [App] Tryed to open invalide JSON
[12:18:20] [INFO] [App] Tryed to open invalide JSON
[12:18:23] [INFO] [App] Tryed to open invalide JSON
[12:23:22] [INFO] [App] /Users/i13az81/Develop/UNI/MirrorRobot/Logger/logfile.log
[12:23:31] [INFO] [App] Tryed to open invalide JSON
[12:24:32] [INFO] [App] Tryed to open invalide JSON
[12:25:40] [INFO] [App] /Users/i13az81/Develop/UNI/MirrorRobot/Logger/logfile.log
[12:28:25] [INFO] [App] /Users/i13az81/Develop/UNI/MirrorRobot/Logger/logfile.log
[12:28:29] [INFO] [App] Tryed to open invalide JSON
[12:29:19] [INFO] [App] /Users/i13az81/Develop/UNI/MirrorRobot/Logger/logfile.log
[12:29:24] [INFO] [App] Tryed to open invalide JSON
[12:29:43] [INFO] [App] /Users/i13az81/Develop/UNI/MirrorRobot/Logger/logfile.log
[12:29:49] [INFO] [App] Tryed to open invalide JSON
[12:31:46] [INFO] [App] /Users/i13az81/Develop/UNI/MirrorRobot/Logger/logfile.log
[12:31:53] [INFO] [App] Tryed to open invalide JSON
[12:32:17] [INFO] [App] /Users/i13az81/Develop/UNI/MirrorRobot/Logger/logfile.log
[12:32:22] [INFO] [App] Tryed to open invalide JSON
[12:33:20] [INFO] [App] Tryed to open invalide JSON
[12:34:00] [INFO] [App] /Users/i13az81/Develop/UNI/MirrorRobot/Logger/logfile.log
[12:34:05] [INFO] [App] Could not open fileinv.json
[12:36:28] [INFO] [App] /Users/i13az81/Develop/UNI/MirrorRobot/Logger/logfile.log
[12:36:39] [INFO] [App] Could not open file test.json
[12:39:29] [INFO] [App] /Users/i13az81/Develop/UNI/MirrorRobot/Logger/logfile.log
[12:39:36] [INFO] [App] Could not open file inv.json
[12:42:17] [INFO] [App] /Users/i13az81/Develop/UNI/MirrorRobot/Logger/logfile.log
[12:42:23] [INFO] [App] False
[12:42:23] [INFO] [App] Could not open file inv.json
[12:46:02] [INFO] [App] /Users/i13az81/Develop/UNI/MirrorRobot/Logger/logfile.log
[12:46:07] [INFO] [App] Tryed to open invalide JSON
[12:46:26] [INFO] [App] /Users/i13az81/Develop/UNI/MirrorRobot/Logger/logfile.log
[12:46:30] [INFO] [App] Tryed to open invalide JSON
[12:46:33] [INFO] [App] Set config: {input:[test, C], output:Where to save}
[12:46:41] [WARN] [App] Invalide Config File
[12:46:41] [ERROR] [App] Did not set config
[12:48:08] [INFO] [App] /Users/i13az81/Develop/UNI/MirrorRobot/Logger/logfile.log
[12:48:14] [INFO] [App] Set config: {input:[test, C], output:Where to save}
[12:48:21] [WARN] [App] Invalide Config File
[12:48:21] [ERROR] [App] Did not set config
[12:48:47] [INFO] [App] /Users/i13az81/Develop/UNI/MirrorRobot/Logger/logfile.log
[12:48:51] [INFO] [App] Tryed to open invalide JSON
[12:48:57] [INFO] [App] Set config: {input:[test, C], output:Where to save}
[12:48:59] [WARN] [App] Invalide Config File
[12:48:59] [ERROR] [App] Did not set config
[12:49:12] [INFO] [App] /Users/i13az81/Develop/UNI/MirrorRobot/Logger/logfile.log
[12:49:16] [INFO] [App] Tryed to open invalide JSON
[12:50:05] [INFO] [App] /Users/i13az81/Develop/UNI/MirrorRobot/Logger/logfile.log
[12:50:10] [INFO] [App] Tryed to open invalide JSON
[12:50:14] [INFO] [App] Set config: {input:[test, C], output:Where to save}
[12:50:17] [WARN] [App] Invalide Config File
[12:50:17] [ERROR] [App] Did not set config
[12:53:23] [INFO] [App] /Users/i13az81/Develop/UNI/MirrorRobot/Logger/logfile.log
[12:53:47] [INFO] [App] Tryed to open invalide JSON
[12:56:34] [INFO] [App] /Users/i13az81/Develop/UNI/MirrorRobot/Logger/logfile.log
[12:56:41] [INFO] [App] Tryed to open invalide JSON
[12:56:41] [INFO] [App] 1:Expected 'true','false' or 'null', got 'w'.
[12:56:58] [INFO] [App] /Users/i13az81/Develop/UNI/MirrorRobot/Logger/logfile.log
[12:57:02] [INFO] [App] Tryed to open invalide JSON
[12:57:02] [INFO] [App] 1:Expected 'true','false' or 'null', got 'w'.
[12:58:04] [INFO] [App] /Users/i13az81/Develop/UNI/MirrorRobot/Logger/logfile.log
[12:58:10] [INFO] [App] Tryed to open invalide JSON
[12:58:10] [INFO] [App] 1:Expected 'true','false' or 'null', got 'w'.
[12:58:18] [WARN] [App] Invalide Config File
[12:58:18] [ERROR] [App] Did not set config
[12:58:40] [INFO] [App] /Users/i13az81/Develop/UNI/MirrorRobot/Logger/logfile.log
[12:58:50] [WARN] [App] Invalide Config File
[12:58:50] [ERROR] [App] Did not set config
[13:17:39] [INFO] [App] /Users/i13az81/Develop/UNI/MirrorRobot/Logger/logfile.log
[13:17:47] [INFO] [App] /Users/i13az81/Develop/UNI/MirrorRobot/Logger/logfile.log
[13:18:49] [INFO] [App] /Users/i13az81/Develop/UNI/MirrorRobot/Logger/logfile.log
[13:24:40] [INFO] [App] /Users/i13az81/Develop/UNI/MirrorRobot/Logger/logfile.log
[13:26:41] [INFO] [App] /Users/i13az81/Develop/UNI/MirrorRobot/Logger/logfile.log
[13:27:15] [INFO] [App] /Users/i13az81/Develop/UNI/MirrorRobot/Logger/logfile.log
[13:49:09] [INFO] [App] /Users/i13az81/Develop/UNI/MirrorRobot/Logger/logfile.log
[13:51:53] [INFO] [App] /Users/i13az81/Develop/UNI/MirrorRobot/Logger/logfile.log
[12:22:07] [INFO] [App] /Users/i13az81/Develop/UNI/MirrorRobot/Logger/logfile.log
[12:22:17] [INFO] [App] Tryed to open invalide JSON
[12:22:17] [INFO] [App] 1:Expected 'true','false' or 'null', got 'w'.
[12:22:21] [INFO] [App] Set config: {input:[test, C], output:Where to save}
[12:22:24] [WARN] [App] Invalide Config File
[12:22:24] [ERROR] [App] Did not set config
[12:45:21] [INFO] [App] /Users/i13az81/Develop/UNI/MirrorRobot/Logger/logfile.log
[12:45:38] [WARN] [App] Invalide Config File
[12:45:38] [ERROR] [App] Did not set config
